<?xml version="1.0" encoding="UTF-8"?>
<!-- Generated by org.testng.reporters.JUnitReportReporter -->
<testsuite hostname="APL-5CD1359XV5" failures="0" tests="13" name="runner.TestRunner" time="0.471" errors="0" timestamp="2025-02-19T16:57:30 IST" skipped="0">
  <testcase classname="runner.TestRunner" name="runScenario" time="0.032"/>
  <system-out/>
  <testcase classname="runner.TestRunner" name="runScenario" time="0.028"/>
  <system-out/>
  <testcase classname="runner.TestRunner" name="runScenario" time="0.026"/>
  <system-out/>
  <testcase classname="runner.TestRunner" name="runScenario" time="0.018"/>
  <system-out/>
  <testcase classname="runner.TestRunner" name="runScenario" time="0.019"/>
  <system-out/>
  <testcase classname="runner.TestRunner" name="runScenario" time="0.019"/>
  <system-out/>
  <testcase classname="runner.TestRunner" name="runScenario" time="0.021"/>
  <system-out/>
  <testcase classname="runner.TestRunner" name="runScenario" time="0.057"/>
  <system-out/>
  <testcase classname="runner.TestRunner" name="runScenario" time="0.020"/>
  <system-out/>
  <testcase classname="runner.TestRunner" name="runScenario" time="0.021"/>
  <system-out/>
  <testcase classname="runner.TestRunner" name="runScenario" time="0.021"/>
  <system-out/>
  <testcase classname="runner.TestRunner" name="runScenario" time="0.017"/>
  <system-out/>
  <testcase classname="runner.TestRunner" name="runScenario" time="0.172"/>
  <system-out/>
</testsuite> <!-- runner.TestRunner -->
