<?xml version="1.0" encoding="UTF-8"?>
<!-- Generated by org.testng.reporters.JUnitReportReporter -->
<testsuite hostname="APL-5CD1359XV5" failures="0" tests="13" name="runner.TestRunner" time="0.488" errors="0" timestamp="2025-02-19T16:56:25 IST" skipped="0">
  <testcase classname="runner.TestRunner" name="runScenario" time="0.030"/>
  <system-out/>
  <testcase classname="runner.TestRunner" name="runScenario" time="0.020"/>
  <system-out/>
  <testcase classname="runner.TestRunner" name="runScenario" time="0.023"/>
  <system-out/>
  <testcase classname="runner.TestRunner" name="runScenario" time="0.180"/>
  <system-out/>
  <testcase classname="runner.TestRunner" name="runScenario" time="0.031"/>
  <system-out/>
  <testcase classname="runner.TestRunner" name="runScenario" time="0.030"/>
  <system-out/>
  <testcase classname="runner.TestRunner" name="runScenario" time="0.031"/>
  <system-out/>
  <testcase classname="runner.TestRunner" name="runScenario" time="0.022"/>
  <system-out/>
  <testcase classname="runner.TestRunner" name="runScenario" time="0.024"/>
  <system-out/>
  <testcase classname="runner.TestRunner" name="runScenario" time="0.018"/>
  <system-out/>
  <testcase classname="runner.TestRunner" name="runScenario" time="0.021"/>
  <system-out/>
  <testcase classname="runner.TestRunner" name="runScenario" time="0.037"/>
  <system-out/>
  <testcase classname="runner.TestRunner" name="runScenario" time="0.021"/>
  <system-out/>
</testsuite> <!-- runner.TestRunner -->
